Auto-detected serial port: /dev/ttyACM0
--- Opening serial port ---
Command: 
--- Using Matplotlib style: ggplot ---
W] Using ESP-ROM:esp32c3-api1-20210207
Build:Feb  7 2021
rst:0x15 (USB_UART_CHIP_RESET),boot:0xd (SPI_FAST_FLASH_BOOT)
Saved PC:0x420c421a
SPIWP:0xee
mode:DIO, clock div:1
load:0x3fcd5820,len:0x1010
load:0x403cbf10,len:0x9f4
load:0x403ce710,len:0x2e94
entry 0x403cbf10
Starting Graph Window... (Close window or press Ctrl-C to exit)
[14:40:08] [INF] [HW] Using cached device type: X4
[14:40:08] [INF] [MAIN] Hardware detect: X4
[14:40:08] [SD] SD card detected
[14:40:08] [DBG] [CPS] Settings loaded from file
[14:40:08] [DBG] [RBS] Recent books loaded from file (7 entries)
[14:40:08] [DBG] [KRS] Set credentials for user: kemonine
[14:40:08] [DBG] [KRS] Set server URL: https://kosync.holdmybeer.solutions
[14:40:08] [DBG] [KRS] Set match method: Binary
[14:40:08] [DBG] [UI] Using Lyra theme
[14:40:08] [DBG] [MAIN] Starting CrossPoint version 1.3.0-dev-feat-dictionary-1de64e09
[14:40:08] EInkDisplay: begin() called
[14:40:08]   Static frame buffer (48000 bytes)
[14:40:08]   Initializing e-ink display driver...
[14:40:08]   SPI initialized at 40000000 Hz, Mode 0
[14:40:08]   GPIO pins configured
[14:40:08]   Resetting display...
[14:40:08]   Display reset complete
[14:40:08]   Initializing SSD1677 controller...
[14:40:08]   Wait complete:  CMD_SOFT_RESET (2 ms)
[14:40:08]   Clearing RAM buffers...
[14:40:08]   Wait complete:  CMD_AUTO_WRITE_BW_RAM (6 ms)
[14:40:08]   Wait complete:  CMD_AUTO_WRITE_RED_RAM (5 ms)
[14:40:08]   SSD1677 controller initialized
[14:40:08]   E-ink display driver initialized
[14:40:08] [DBG] [MAIN] Display initialized
[14:40:08] [DBG] [SDREG] Fonts directory not found: /.fonts
[14:40:08] [DBG] [SDREG] Found family: Charis (4 files) in /fonts
[14:40:08] [DBG] [SDREG] Found family: DejaVu (4 files) in /fonts
[14:40:08] [DBG] [SDREG] Found family: Engrish (4 files) in /fonts
[14:40:08] [DBG] [SDREG] Found family: AtkinsonHyperlegibleNext (4 files) in /fonts
[14:40:08] [DBG] [SDREG] Discovery complete: 4 families
[14:40:08] [DBG] [SDCF] Loaded: /fonts/AtkinsonHyperlegibleNext/AtkinsonHyperlegibleNext_14.cpfont (v4, 4 styles)
[14:40:08] [DBG] [SDCF]   style[0]: 33 intervals, 314 glyphs, advY=38, asc=29, desc=-10, kernL=252, kernR=248, ligs=0
[14:40:08] [DBG] [SDCF]   style[1]: 33 intervals, 314 glyphs, advY=38, asc=29, desc=-10, kernL=255, kernR=254, ligs=0
[14:40:08] [DBG] [SDCF]   style[2]: 33 intervals, 314 glyphs, advY=38, asc=29, desc=-10, kernL=264, kernR=260, ligs=0
[14:40:08] [DBG] [SDCF]   style[3]: 33 intervals, 314 glyphs, advY=38, asc=29, desc=-10, kernL=264, kernR=260, ligs=0
[14:40:08] [DBG] [SDMGR] Loaded /fonts/AtkinsonHyperlegibleNext/AtkinsonHyperlegibleNext_14.cpfont size=14 id=1612489321 styles=4 (sizeEnum=1)
[14:40:08] [DBG] [SDFS] Loaded SD card font family: AtkinsonHyperlegibleNext
[14:40:08] [DBG] [SDFS] SD font system ready (4 families discovered)
[14:40:08] [DBG] [MAIN] Fonts setup
[14:40:08] [DBG] [ACT] Entering activity: Boot
[14:40:08]   Image drawn to frame buffer
[14:40:08] [DBG] [GFX] Time = 4 ms from clearScreen to displayBuffer
[14:40:08]   Writing frame buffer to BW RAM (48000 bytes)...
[14:40:08]   BW RAM write complete (12 ms)
[14:40:08]   Writing frame buffer to RED RAM (48000 bytes)...
[14:40:08]   RED RAM write complete (12 ms)
[14:40:08]   Powering on display 0xD4 (half refresh)...
[14:40:08]   Waiting for display refresh...
[14:40:10]   Wait complete: half (1553 ms)
[14:40:10]   Writing frame buffer to RED RAM (48000 bytes)...
[14:40:10]   RED RAM write complete (12 ms)
[14:40:10] [DBG] [ACT] Exiting activity: Boot
[14:40:10] [DBG] [ACT] Entering activity: Home
[14:40:10]   Transparent image drawn to frame buffer
[14:40:10]   Transparent image drawn to frame buffer
[14:40:10]   Transparent image drawn to frame buffer
[14:40:10]   Transparent image drawn to frame buffer
[14:40:10]   Transparent image drawn to frame buffer
[14:40:10] [DBG] [GFX] Time = 96 ms from clearScreen to displayBuffer
[14:40:10]   Writing frame buffer to BW RAM (48000 bytes)...
[14:40:10]   BW RAM write complete (12 ms)
[14:40:10]   Powering on display 0x1C (fast refresh)...
[14:40:10]   Waiting for display refresh...
[14:40:11]   Wait complete: fast (418 ms)
[14:40:11]   Writing frame buffer to RED RAM (48000 bytes)...
[14:40:11]   RED RAM write complete (13 ms)
[14:40:11]   Transparent image drawn to frame buffer
[14:40:11]   Transparent image drawn to frame buffer
[14:40:11]   Transparent image drawn to frame buffer
[14:40:11]   Transparent image drawn to frame buffer
[14:40:11] [DBG] [GFX] Time = 73 ms from clearScreen to displayBuffer
[14:40:11]   Writing frame buffer to BW RAM (48000 bytes)...
[14:40:11]   BW RAM write complete (12 ms)
[14:40:11]   Powering on display 0x1C (fast refresh)...
[14:40:11]   Waiting for display refresh...
[14:40:11]   Wait complete: fast (418 ms)
[14:40:11]   Writing frame buffer to RED RAM (48000 bytes)...
[14:40:11]   RED RAM write complete (12 ms)
[14:40:11] [DBG] [ACT] Exiting activity: Home
[14:40:11] [DBG] [ACT] Entering activity: Reader
[14:40:11] [DBG] [EBP] Loading ePub: /_test-content/test_dictionary.epub
[14:40:11] [DBG] [BMC] Loaded cache data: 24 spine, 22 TOC entries
[14:40:11] [DBG] [CSS] Loaded 0 rules from cache
[14:40:11] [DBG] [EBP] Loaded ePub: /_test-content/test_dictionary.epub
[14:40:11] [DBG] [ACT] Exiting activity: Reader
[14:40:11] [DBG] [ACT] Entering activity: EpubReader
[14:40:11] [DBG] [ERS] Loaded cache: 23, 2
[14:40:11] [DBG] [LOOP] New max loop duration: 389 ms (activity: 389 ms)
[14:40:11] [DBG] [ERS] Loading file: OEBPS/ch22.xhtml, index: 23
[14:40:11] [DBG] [SCT] Deserialization succeeded: 7 pages
[14:40:11] [DBG] [ERS] Cache found, skipping build...
[14:40:11] [DBG] [SDCF] Kern classes + lig loaded: kernL=252, kernR=248, ligs=0
[14:40:11] [DBG] [SDCF] Kern classes + lig loaded: kernL=264, kernR=260, ligs=0
[14:40:11] [DBG] [SDCF] Built mini kern: 35×30 matrix (1050 bytes, full was 89×83 = 7387 bytes)
[14:40:11] [DBG] [SDCF] Built mini kern: 37×32 matrix (1184 bytes, full was 102×95 = 9690 bytes)
[14:40:11] [DBG] [FCM] prewarmCache(SD): 2 glyph(s) not found (styleMask=0x05)
[14:40:12] [DBG] [GFX] Time = 204 ms from clearScreen to displayBuffer
[14:40:12]   Writing frame buffer to BW RAM (48000 bytes)...
[14:40:12]   BW RAM write complete (13 ms)
[14:40:12]   Writing frame buffer to RED RAM (48000 bytes)...
[14:40:12]   RED RAM write complete (12 ms)
[14:40:12]   Powering on display 0xD4 (half refresh)...
[14:40:12]   Waiting for display refresh...
[14:40:13]   Wait complete: half (1554 ms)
[14:40:13]   Writing frame buffer to RED RAM (48000 bytes)...
[14:40:13]   RED RAM write complete (12 ms)
[14:40:13]   Loading custom LUT...
[14:40:13]   Custom LUT loaded
[14:40:13]   Powering on display 0x0C (fast refresh)...
[14:40:13]   Waiting for display refresh...
[14:40:13]   Wait complete: fast (61 ms)
[14:40:13]   Custom LUT disabled
[14:40:13]   Writing frame buffer to RED RAM (48000 bytes)...
[14:40:13]   RED RAM write complete (13 ms)
[14:40:13] [DBG] [ERS] Page render (tiled): prewarm=137ms bw_render=43ms display=1591ms gray_lsb=54ms gray_msb=55ms gray_display=63ms cleanup=13ms total=1956ms
[14:40:13] [DBG] [ERS] Rendered page in 1958ms
[14:40:13] [DBG] [ERS] Progress saved: spine=23 page=2
[14:40:13] [DBG] [ACT] Pushed to activity stack, new size = 1
[14:40:13] [DBG] [ACT] Entering activity: EpubReaderMenu
[14:40:13] [DBG] [GFX] Time = 60 ms from clearScreen to displayBuffer
[14:40:13]   Writing frame buffer to BW RAM (48000 bytes)...
[14:40:13]   BW RAM write complete (13 ms)
[14:40:13]   Powering on display 0x1C (fast refresh)...
[14:40:13]   Waiting for display refresh...
[14:40:14]   Wait complete: fast (419 ms)
[14:40:14]   Writing frame buffer to RED RAM (48000 bytes)...
[14:40:14]   RED RAM write complete (12 ms)
[14:40:15] [DBG] [GFX] Time = 59 ms from clearScreen to displayBuffer
[14:40:15]   Writing frame buffer to BW RAM (48000 bytes)...
[14:40:15]   BW RAM write complete (13 ms)
[14:40:15]   Powering on display 0x1C (fast refresh)...
[14:40:15]   Waiting for display refresh...
[14:40:16]   Wait complete: fast (418 ms)
[14:40:16]   Writing frame buffer to RED RAM (48000 bytes)...
[14:40:16]   RED RAM write complete (12 ms)
[14:40:16] [DBG] [ACT] Exiting activity: EpubReaderMenu
[14:40:16] [DBG] [ACT] Popped from activity stack, new size = 0
[14:40:16] [DBG] [ACT] Handling result for popped activity
[14:40:16] [DBG] [ACT] Pushed to activity stack, new size = 1
[14:40:16] [DBG] [ACT] Entering activity: DictionaryWordSelect
[14:40:17] [DBG] [SDCF] Advance table style 0: +51 from SD, total=51/768
[14:40:17] [DBG] [SDCF] Advance table style 2: +51 from SD, total=51/768
[14:40:17] [DBG] [SDCF] Built mini kern: 35×30 matrix (1050 bytes, full was 89×83 = 7387 bytes)
[14:40:17] [DBG] [SDCF] Built mini kern: 37×32 matrix (1184 bytes, full was 102×95 = 9690 bytes)
[14:40:17] [DBG] [FCM] prewarmCache(SD): 2 glyph(s) not found (styleMask=0x05)
[14:40:17] [DBG] [GFX] Time = 148 ms from clearScreen to displayBuffer
[14:40:17]   Writing frame buffer to BW RAM (48000 bytes)...
[14:40:17]   BW RAM write complete (13 ms)
[14:40:17]   Powering on display 0x1C (fast refresh)...
[14:40:17]   Waiting for display refresh...
[14:40:17]   Wait complete: fast (419 ms)
[14:40:17]   Writing frame buffer to RED RAM (48000 bytes)...
[14:40:17]   RED RAM write complete (12 ms)
[14:40:17] [DBG] [SDCF] Built mini kern: 6×5 matrix (30 bytes, full was 89×83 = 7387 bytes)
[14:40:17] [DBG] [FCM] prewarmCache(SD): 1 glyph(s) not found (styleMask=0x01)
[14:40:17] [DBG] [GFX] Time = 695 ms from clearScreen to displayBuffer
[14:40:17]   Writing frame buffer to BW RAM (48000 bytes)...
[14:40:17]   BW RAM write complete (12 ms)
[14:40:17]   Powering on display 0x1C (fast refresh)...
[14:40:17]   Waiting for display refresh...
[14:40:18]   Wait complete: fast (418 ms)
[14:40:18]   Writing frame buffer to RED RAM (48000 bytes)...
[14:40:18]   RED RAM write complete (12 ms)
[14:40:18] [DBG] [SDCF] Built mini kern: 6×5 matrix (30 bytes, full was 89×83 = 7387 bytes)
[14:40:18] [DBG] [FCM] prewarmCache(SD): 1 glyph(s) not found (styleMask=0x01)
[14:40:18] [DBG] [GFX] Time = 1175 ms from clearScreen to displayBuffer
[14:40:18]   Writing frame buffer to BW RAM (48000 bytes)...
[14:40:18]   BW RAM write complete (13 ms)
[14:40:18]   Powering on display 0x1C (fast refresh)...
[14:40:18]   Waiting for display refresh...
[14:40:18] [INF] [MEM] Free: 127668 bytes, Total: 224840 bytes, Min Free: 100724 bytes, MaxAlloc: 114676 bytes
[14:40:18]   Wait complete: fast (419 ms)
[14:40:18]   Writing frame buffer to RED RAM (48000 bytes)...
[14:40:18]   RED RAM write complete (13 ms)
[14:40:18] [DBG] [SDCF] Built mini kern: 3×2 matrix (6 bytes, full was 102×95 = 9690 bytes)
[14:40:18] [DBG] [FCM] prewarmCache(SD): 1 glyph(s) not found (styleMask=0x04)
[14:40:18] [DBG] [GFX] Time = 1654 ms from clearScreen to displayBuffer
[14:40:18]   Writing frame buffer to BW RAM (48000 bytes)...
[14:40:18]   BW RAM write complete (13 ms)
[14:40:18]   Powering on display 0x1C (fast refresh)...
[14:40:18]   Waiting for display refresh...
[14:40:19]   Wait complete: fast (419 ms)
[14:40:19]   Writing frame buffer to RED RAM (48000 bytes)...
[14:40:19]   RED RAM write complete (12 ms)
[14:40:19] [DBG] [SDCF] Built mini kern: 3×3 matrix (9 bytes, full was 89×83 = 7387 bytes)
[14:40:19] [DBG] [FCM] prewarmCache(SD): 1 glyph(s) not found (styleMask=0x01)
[14:40:19] [DBG] [GFX] Time = 2128 ms from clearScreen to displayBuffer
[14:40:19]   Writing frame buffer to BW RAM (48000 bytes)...
[14:40:19]   BW RAM write complete (13 ms)
[14:40:19]   Powering on display 0x1C (fast refresh)...
[14:40:19]   Waiting for display refresh...
[14:40:19]   Wait complete: fast (419 ms)
[14:40:19]   Writing frame buffer to RED RAM (48000 bytes)...
[14:40:19]   RED RAM write complete (12 ms)
[14:40:19] [DBG] [SDCF] Built mini kern: 6×6 matrix (36 bytes, full was 89×83 = 7387 bytes)
[14:40:19] [DBG] [FCM] prewarmCache(SD): 1 glyph(s) not found (styleMask=0x01)
[14:40:19] [DBG] [GFX] Time = 2606 ms from clearScreen to displayBuffer
[14:40:19]   Writing frame buffer to BW RAM (48000 bytes)...
[14:40:19]   BW RAM write complete (13 ms)
[14:40:19]   Powering on display 0x1C (fast refresh)...
[14:40:19]   Waiting for display refresh...
[14:40:20]   Wait complete: fast (419 ms)
[14:40:20]   Writing frame buffer to RED RAM (48000 bytes)...
[14:40:20]   RED RAM write complete (12 ms)
[14:40:20] [DBG] [SDCF] Built mini kern: 6×5 matrix (30 bytes, full was 89×83 = 7387 bytes)
[14:40:20] [DBG] [FCM] prewarmCache(SD): 1 glyph(s) not found (styleMask=0x01)
[14:40:20] [DBG] [GFX] Time = 3210 ms from clearScreen to displayBuffer
[14:40:20]   Writing frame buffer to BW RAM (48000 bytes)...
[14:40:20]   BW RAM write complete (13 ms)
[14:40:20]   Powering on display 0x1C (fast refresh)...
[14:40:20]   Waiting for display refresh...
[14:40:20]   Wait complete: fast (419 ms)
[14:40:20]   Writing frame buffer to RED RAM (48000 bytes)...
[14:40:20]   RED RAM write complete (12 ms)
[14:40:20] [DBG] [SDCF] Built mini kern: 3×2 matrix (6 bytes, full was 89×83 = 7387 bytes)
[14:40:20] [DBG] [FCM] prewarmCache(SD): 1 glyph(s) not found (styleMask=0x01)
[14:40:20] [DBG] [GFX] Time = 3831 ms from clearScreen to displayBuffer
[14:40:20]   Writing frame buffer to BW RAM (48000 bytes)...
[14:40:20]   BW RAM write complete (12 ms)
[14:40:20]   Powering on display 0x1C (fast refresh)...
[14:40:20]   Waiting for display refresh...
[14:40:21]   Wait complete: fast (418 ms)
[14:40:21]   Writing frame buffer to RED RAM (48000 bytes)...
[14:40:21]   RED RAM write complete (12 ms)
[14:40:22] [DBG] [SDCF] Built mini kern: 2×2 matrix (4 bytes, full was 89×83 = 7387 bytes)
[14:40:22] [DBG] [FCM] prewarmCache(SD): 1 glyph(s) not found (styleMask=0x01)
[14:40:22] [DBG] [GFX] Time = 5226 ms from clearScreen to displayBuffer
[14:40:22]   Writing frame buffer to BW RAM (48000 bytes)...
[14:40:22]   BW RAM write complete (13 ms)
[14:40:22]   Powering on display 0x1C (fast refresh)...
[14:40:22]   Waiting for display refresh...
[14:40:22]   Wait complete: fast (419 ms)
[14:40:22]   Writing frame buffer to RED RAM (48000 bytes)...
[14:40:22]   RED RAM write complete (12 ms)
[14:40:22] [DBG] [SDCF] Built mini kern: 9×10 matrix (90 bytes, full was 102×95 = 9690 bytes)
[14:40:22] [DBG] [FCM] prewarmCache(SD): 1 glyph(s) not found (styleMask=0x04)
[14:40:22] [DBG] [GFX] Time = 5712 ms from clearScreen to displayBuffer
[14:40:22]   Writing frame buffer to BW RAM (48000 bytes)...
[14:40:22]   BW RAM write complete (13 ms)
[14:40:22]   Powering on display 0x1C (fast refresh)...
[14:40:22]   Waiting for display refresh...
[14:40:23]   Wait complete: fast (419 ms)
[14:40:23]   Writing frame buffer to RED RAM (48000 bytes)...
[14:40:23]   RED RAM write complete (13 ms)
[14:40:23] [DBG] [ACT] Pushed to activity stack, new size = 2
[14:40:23] [DBG] [ACT] Entering activity: DictionaryDefinition
[14:40:24] [DBG] [DICTCHAIN] onEnter recordHistory=1 historyWord='chain_stress_00001' -> cur=0
[14:40:24] [DBG] [LOOP] New max loop duration: 1068 ms (activity: 1067 ms)
[14:40:24] [DBG] [GFX] Time = 256 ms from clearScreen to displayBuffer
[14:40:24]   Writing frame buffer to BW RAM (48000 bytes)...
[14:40:24]   BW RAM write complete (12 ms)
[14:40:24]   Powering on display 0x1C (fast refresh)...
[14:40:24]   Waiting for display refresh...
[14:40:24]   Wait complete: fast (419 ms)
[14:40:24]   Writing frame buffer to RED RAM (48000 bytes)...
[14:40:25]   RED RAM write complete (12 ms)
[14:40:25] [DBG] [GFX] Stored BW buffer in 6 chunks (8000 bytes each)
[14:40:25]   Writing frame buffer to BW RAM (48000 bytes)...
[14:40:25]   BW RAM write complete (13 ms)
[14:40:25]   Writing frame buffer to RED RAM (48000 bytes)...
[14:40:25]   RED RAM write complete (12 ms)
[14:40:25]   Loading custom LUT...
[14:40:25]   Custom LUT loaded
[14:40:25]   Powering on display 0x0C (fast refresh)...
[14:40:25]   Waiting for display refresh...
[14:40:25]   Wait complete: fast (61 ms)
[14:40:25]   Custom LUT disabled
[14:40:25]   Writing frame buffer to RED RAM (48000 bytes)...
[14:40:25]   RED RAM write complete (12 ms)
[14:40:25] [DBG] [GFX] Restored and freed BW buffer chunks
[14:40:26] [DBG] [PWR] Going to low-power mode
[14:40:26] [DBG] [PWR] Restoring normal CPU frequency
[14:40:27] [DBG] [GFX] Time = 264 ms from clearScreen to displayBuffer
[14:40:27]   Writing frame buffer to BW RAM (48000 bytes)...
[14:40:27]   BW RAM write complete (12 ms)
[14:40:27]   Powering on display 0x1C (fast refresh)...
[14:40:27]   Waiting for display refresh...
[14:40:27]   Wait complete: fast (418 ms)
[14:40:27]   Writing frame buffer to RED RAM (48000 bytes)...
[14:40:27]   RED RAM write complete (12 ms)
[14:40:28] [INF] [MEM] Free: 103304 bytes, Total: 224840 bytes, Min Free: 50992 bytes, MaxAlloc: 81908 bytes
[14:40:29] [DBG] [GFX] Time = 2240 ms from clearScreen to displayBuffer
[14:40:29]   Writing frame buffer to BW RAM (48000 bytes)...
[14:40:29]   BW RAM write complete (12 ms)
[14:40:29]   Powering on display 0x1C (fast refresh)...
[14:40:29]   Waiting for display refresh...
[14:40:29]   Wait complete: fast (418 ms)
[14:40:29]   Writing frame buffer to RED RAM (48000 bytes)...
[14:40:29]   RED RAM write complete (12 ms)
[14:40:29] [DBG] [GFX] Time = 2691 ms from clearScreen to displayBuffer
[14:40:29]   Writing frame buffer to BW RAM (48000 bytes)...
[14:40:29]   BW RAM write complete (12 ms)
[14:40:29]   Powering on display 0x1C (fast refresh)...
[14:40:29]   Waiting for display refresh...
[14:40:29]   Wait complete: fast (418 ms)
[14:40:29]   Writing frame buffer to RED RAM (48000 bytes)...
[14:40:29]   RED RAM write complete (13 ms)
[14:40:30] [DBG] [GFX] Time = 3277 ms from clearScreen to displayBuffer
[14:40:30]   Writing frame buffer to BW RAM (48000 bytes)...
[14:40:30]   BW RAM write complete (13 ms)
[14:40:30]   Powering on display 0x1C (fast refresh)...
[14:40:30]   Waiting for display refresh...
[14:40:30]   Wait complete: fast (419 ms)
[14:40:30]   Writing frame buffer to RED RAM (48000 bytes)...
[14:40:30]   RED RAM write complete (13 ms)
[14:40:30] [DBG] [GFX] Time = 3723 ms from clearScreen to displayBuffer
[14:40:30]   Writing frame buffer to BW RAM (48000 bytes)...
[14:40:30]   BW RAM write complete (12 ms)
[14:40:30]   Powering on display 0x1C (fast refresh)...
[14:40:30]   Waiting for display refresh...
[14:40:30]   Wait complete: fast (418 ms)
[14:40:30]   Writing frame buffer to RED RAM (48000 bytes)...
[14:40:30]   RED RAM write complete (12 ms)
[14:40:31] [DBG] [GFX] Time = 4174 ms from clearScreen to displayBuffer
[14:40:31]   Writing frame buffer to BW RAM (48000 bytes)...
[14:40:31]   BW RAM write complete (12 ms)
[14:40:31]   Powering on display 0x1C (fast refresh)...
[14:40:31]   Waiting for display refresh...
[14:40:31]   Wait complete: fast (418 ms)
[14:40:31]   Writing frame buffer to RED RAM (48000 bytes)...
[14:40:31]   RED RAM write complete (12 ms)
[14:40:33] [DBG] [DICTCHAIN] found wasBack=0 willLog=1 word='chain_stress_00002' -> cur=0 depth=1
[14:40:33] [DBG] [LOOP] New max loop duration: 1069 ms (activity: 1069 ms)
[14:40:33] [DBG] [GFX] Time = 274 ms from clearScreen to displayBuffer
[14:40:33]   Writing frame buffer to BW RAM (48000 bytes)...
[14:40:33]   BW RAM write complete (12 ms)
[14:40:33]   Powering on display 0x1C (fast refresh)...
[14:40:33]   Waiting for display refresh...
[14:40:33]   Wait complete: fast (419 ms)
[14:40:33]   Writing frame buffer to RED RAM (48000 bytes)...
[14:40:33]   RED RAM write complete (12 ms)
[14:40:33] [DBG] [GFX] Stored BW buffer in 6 chunks (8000 bytes each)
[14:40:34]   Writing frame buffer to BW RAM (48000 bytes)...
[14:40:34]   BW RAM write complete (13 ms)
[14:40:34]   Writing frame buffer to RED RAM (48000 bytes)...
[14:40:34]   RED RAM write complete (12 ms)
[14:40:34]   Loading custom LUT...
[14:40:34]   Custom LUT loaded
[14:40:34]   Powering on display 0x0C (fast refresh)...
[14:40:34]   Waiting for display refresh...
[14:40:34]   Wait complete: fast (61 ms)
[14:40:34]   Custom LUT disabled
[14:40:34]   Writing frame buffer to RED RAM (48000 bytes)...
[14:40:34]   RED RAM write complete (12 ms)
[14:40:34] [DBG] [GFX] Restored and freed BW buffer chunks
[14:40:34] [DBG] [GFX] Time = 273 ms from clearScreen to displayBuffer
[14:40:34]   Writing frame buffer to BW RAM (48000 bytes)...
[14:40:34]   BW RAM write complete (13 ms)
[14:40:34]   Powering on display 0x1C (fast refresh)...
[14:40:34]   Waiting for display refresh...
[14:40:35]   Wait complete: fast (419 ms)
[14:40:35]   Writing frame buffer to RED RAM (48000 bytes)...
[14:40:35]   RED RAM write complete (12 ms)
[14:40:35] [DBG] [GFX] Time = 1607 ms from clearScreen to displayBuffer
[14:40:35]   Writing frame buffer to BW RAM (48000 bytes)...
[14:40:36]   BW RAM write complete (13 ms)
[14:40:36]   Powering on display 0x1C (fast refresh)...
[14:40:36]   Waiting for display refresh...
[14:40:36]   Wait complete: fast (419 ms)
[14:40:36]   Writing frame buffer to RED RAM (48000 bytes)...
[14:40:36]   RED RAM write complete (13 ms)
[14:40:36] [DBG] [GFX] Time = 2058 ms from clearScreen to displayBuffer
[14:40:36]   Writing frame buffer to BW RAM (48000 bytes)...
[14:40:36]   BW RAM write complete (12 ms)
[14:40:36]   Powering on display 0x1C (fast refresh)...
[14:40:36]   Waiting for display refresh...
[14:40:36]   Wait complete: fast (418 ms)
[14:40:36]   Writing frame buffer to RED RAM (48000 bytes)...
[14:40:36]   RED RAM write complete (13 ms)
[14:40:36] [DBG] [GFX] Time = 2504 ms from clearScreen to displayBuffer
[14:40:36]   Writing frame buffer to BW RAM (48000 bytes)...
[14:40:36]   BW RAM write complete (12 ms)
[14:40:36]   Powering on display 0x1C (fast refresh)...
[14:40:36]   Waiting for display refresh...
[14:40:37]   Wait complete: fast (418 ms)
[14:40:37]   Writing frame buffer to RED RAM (48000 bytes)...
[14:40:37]   RED RAM write complete (12 ms)
[14:40:37] [DBG] [GFX] Time = 2955 ms from clearScreen to displayBuffer
[14:40:37]   Writing frame buffer to BW RAM (48000 bytes)...
[14:40:37]   BW RAM write complete (12 ms)
[14:40:37]   Powering on display 0x1C (fast refresh)...
[14:40:37]   Waiting for display refresh...
[14:40:37]   Wait complete: fast (418 ms)
[14:40:37]   Writing frame buffer to RED RAM (48000 bytes)...
[14:40:37]   RED RAM write complete (12 ms)
[14:40:38] [INF] [MEM] Free: 103192 bytes, Total: 224840 bytes, Min Free: 48868 bytes, MaxAlloc: 81908 bytes
[14:40:39] [DBG] [DICTCHAIN] found wasBack=0 willLog=1 word='chain_stress_00003' -> cur=0 depth=2
[14:40:40] [DBG] [GFX] Time = 292 ms from clearScreen to displayBuffer
[14:40:40]   Writing frame buffer to BW RAM (48000 bytes)...
[14:40:40]   BW RAM write complete (12 ms)
[14:40:40]   Powering on display 0x1C (fast refresh)...
[14:40:40]   Waiting for display refresh...
[14:40:40]   Wait complete: fast (418 ms)
[14:40:40]   Writing frame buffer to RED RAM (48000 bytes)...
[14:40:40]   RED RAM write complete (12 ms)
[14:40:40] [DBG] [GFX] Stored BW buffer in 6 chunks (8000 bytes each)
[14:40:40]   Writing frame buffer to BW RAM (48000 bytes)...
[14:40:40]   BW RAM write complete (13 ms)
[14:40:41]   Writing frame buffer to RED RAM (48000 bytes)...
[14:40:41]   RED RAM write complete (13 ms)
[14:40:41]   Loading custom LUT...
[14:40:41]   Custom LUT loaded
[14:40:41]   Powering on display 0x0C (fast refresh)...
[14:40:41]   Waiting for display refresh...
[14:40:41]   Wait complete: fast (62 ms)
[14:40:41]   Custom LUT disabled
[14:40:41]   Writing frame buffer to RED RAM (48000 bytes)...
[14:40:41]   RED RAM write complete (12 ms)
[14:40:41] [DBG] [GFX] Restored and freed BW buffer chunks
[14:40:41] [DBG] [GFX] Time = 302 ms from clearScreen to displayBuffer
[14:40:41]   Writing frame buffer to BW RAM (48000 bytes)...
[14:40:41]   BW RAM write complete (13 ms)
[14:40:41]   Powering on display 0x1C (fast refresh)...
[14:40:41]   Waiting for display refresh...
[14:40:42]   Wait complete: fast (419 ms)
[14:40:42]   Writing frame buffer to RED RAM (48000 bytes)...
[14:40:42]   RED RAM write complete (12 ms)
[14:40:42] [DBG] [GFX] Time = 807 ms from clearScreen to displayBuffer
[14:40:42]   Writing frame buffer to BW RAM (48000 bytes)...
[14:40:42]   BW RAM write complete (12 ms)
[14:40:42]   Powering on display 0x1C (fast refresh)...
[14:40:42]   Waiting for display refresh...
[14:40:42]   Wait complete: fast (418 ms)
[14:40:42]   Writing frame buffer to RED RAM (48000 bytes)...
[14:40:42]   RED RAM write complete (12 ms)
[14:40:42] [DBG] [GFX] Time = 1319 ms from clearScreen to displayBuffer
[14:40:42]   Writing frame buffer to BW RAM (48000 bytes)...
[14:40:42]   BW RAM write complete (13 ms)
[14:40:42]   Powering on display 0x1C (fast refresh)...
[14:40:42]   Waiting for display refresh...
[14:40:43]   Wait complete: fast (419 ms)
[14:40:43]   Writing frame buffer to RED RAM (48000 bytes)...
[14:40:43]   RED RAM write complete (13 ms)
[14:40:43] [DBG] [GFX] Time = 1765 ms from clearScreen to displayBuffer
[14:40:43]   Writing frame buffer to BW RAM (48000 bytes)...
[14:40:43]   BW RAM write complete (12 ms)
[14:40:43]   Powering on display 0x1C (fast refresh)...
[14:40:43]   Waiting for display refresh...
[14:40:43]   Wait complete: fast (418 ms)
[14:40:43]   Writing frame buffer to RED RAM (48000 bytes)...
[14:40:43]   RED RAM write complete (12 ms)
[14:40:43] [DBG] [GFX] Time = 2216 ms from clearScreen to displayBuffer
[14:40:43]   Writing frame buffer to BW RAM (48000 bytes)...
[14:40:43]   BW RAM write complete (12 ms)
[14:40:43]   Powering on display 0x1C (fast refresh)...
[14:40:43]   Waiting for display refresh...
[14:40:43]   Wait complete: fast (418 ms)
[14:40:43]   Writing frame buffer to RED RAM (48000 bytes)...
[14:40:43]   RED RAM write complete (12 ms)
[14:40:45] [DBG] [DICTCHAIN] found wasBack=0 willLog=1 word='chain_stress_00004' -> cur=0 depth=3
[14:40:45] [DBG] [LOOP] New max loop duration: 1076 ms (activity: 1076 ms)
[14:40:46] [DBG] [GFX] Time = 293 ms from clearScreen to displayBuffer
[14:40:46]   Writing frame buffer to BW RAM (48000 bytes)...
[14:40:46]   BW RAM write complete (12 ms)
[14:40:46]   Powering on display 0x1C (fast refresh)...
[14:40:46]   Waiting for display refresh...
[14:40:46]   Wait complete: fast (418 ms)
[14:40:46]   Writing frame buffer to RED RAM (48000 bytes)...
[14:40:46]   RED RAM write complete (12 ms)
[14:40:46] [DBG] [GFX] Stored BW buffer in 6 chunks (8000 bytes each)
[14:40:46]   Writing frame buffer to BW RAM (48000 bytes)...
[14:40:46]   BW RAM write complete (12 ms)
[14:40:47]   Writing frame buffer to RED RAM (48000 bytes)...
[14:40:47]   RED RAM write complete (13 ms)
[14:40:47]   Loading custom LUT...
[14:40:47]   Custom LUT loaded
[14:40:47]   Powering on display 0x0C (fast refresh)...
[14:40:47]   Waiting for display refresh...
[14:40:47]   Wait complete: fast (62 ms)
[14:40:47]   Custom LUT disabled
[14:40:47]   Writing frame buffer to RED RAM (48000 bytes)...
[14:40:47]   RED RAM write complete (12 ms)
[14:40:47] [DBG] [GFX] Restored and freed BW buffer chunks
[14:40:47] [DBG] [GFX] Time = 301 ms from clearScreen to displayBuffer
[14:40:47]   Writing frame buffer to BW RAM (48000 bytes)...
[14:40:47]   BW RAM write complete (12 ms)
[14:40:47]   Powering on display 0x1C (fast refresh)...
[14:40:47]   Waiting for display refresh...
[14:40:47]   Wait complete: fast (418 ms)
[14:40:47]   Writing frame buffer to RED RAM (48000 bytes)...
[14:40:47]   RED RAM write complete (12 ms)
[14:40:48] [DBG] [GFX] Time = 871 ms from clearScreen to displayBuffer
[14:40:48]   Writing frame buffer to BW RAM (48000 bytes)...
[14:40:48]   BW RAM write complete (12 ms)
[14:40:48]   Powering on display 0x1C (fast refresh)...
[14:40:48]   Waiting for display refresh...
[14:40:48] [INF] [MEM] Free: 103172 bytes, Total: 224840 bytes, Min Free: 48868 bytes, MaxAlloc: 81908 bytes
[14:40:48]   Wait complete: fast (418 ms)
[14:40:48]   Writing frame buffer to RED RAM (48000 bytes)...
[14:40:48]   RED RAM write complete (13 ms)
[14:40:48] [DBG] [GFX] Time = 1322 ms from clearScreen to displayBuffer
[14:40:48]   Writing frame buffer to BW RAM (48000 bytes)...
[14:40:48]   BW RAM write complete (13 ms)
[14:40:48]   Powering on display 0x1C (fast refresh)...
[14:40:48]   Waiting for display refresh...
[14:40:48]   Wait complete: fast (419 ms)
[14:40:48]   Writing frame buffer to RED RAM (48000 bytes)...
[14:40:48]   RED RAM write complete (13 ms)
[14:40:48] [DBG] [GFX] Time = 1769 ms from clearScreen to displayBuffer
[14:40:48]   Writing frame buffer to BW RAM (48000 bytes)...
[14:40:48]   BW RAM write complete (12 ms)
[14:40:48]   Powering on display 0x1C (fast refresh)...
[14:40:48]   Waiting for display refresh...
[14:40:49]   Wait complete: fast (418 ms)
[14:40:49]   Writing frame buffer to RED RAM (48000 bytes)...
[14:40:49]   RED RAM write complete (12 ms)
[14:40:49] [DBG] [GFX] Time = 2220 ms from clearScreen to displayBuffer
[14:40:49]   Writing frame buffer to BW RAM (48000 bytes)...
[14:40:49]   BW RAM write complete (12 ms)
[14:40:49]   Powering on display 0x1C (fast refresh)...
[14:40:49]   Waiting for display refresh...
[14:40:49]   Wait complete: fast (418 ms)
[14:40:49]   Writing frame buffer to RED RAM (48000 bytes)...
[14:40:49]   RED RAM write complete (12 ms)
[14:40:51] [DBG] [DICTCHAIN] found wasBack=0 willLog=1 word='chain_stress_00005' -> cur=0 depth=4
[14:40:51] [DBG] [GFX] Time = 291 ms from clearScreen to displayBuffer
[14:40:51]   Writing frame buffer to BW RAM (48000 bytes)...
[14:40:51]   BW RAM write complete (12 ms)
[14:40:51]   Powering on display 0x1C (fast refresh)...
[14:40:51]   Waiting for display refresh...
[14:40:52]   Wait complete: fast (418 ms)
[14:40:52]   Writing frame buffer to RED RAM (48000 bytes)...
[14:40:52]   RED RAM write complete (12 ms)
[14:40:52] [DBG] [GFX] Stored BW buffer in 6 chunks (8000 bytes each)
[14:40:52] [DBG] [DICTCHAIN] back pressed cachePathEmpty=0 depth=4
[14:40:52] [DBG] [DICTCHAIN] back pop idx=1 histSize=36 resolved=1 word='chain_stress_00004'
[14:40:52]   Writing frame buffer to BW RAM (48000 bytes)...
[14:40:52]   BW RAM write complete (12 ms)
[14:40:52]   Writing frame buffer to RED RAM (48000 bytes)...
[14:40:52]   RED RAM write complete (12 ms)
[14:40:52]   Loading custom LUT...
[14:40:52]   Custom LUT loaded
[14:40:52]   Powering on display 0x0C (fast refresh)...
[14:40:52]   Waiting for display refresh...
[14:40:52]   Wait complete: fast (61 ms)
[14:40:52]   Custom LUT disabled
[14:40:52]   Writing frame buffer to RED RAM (48000 bytes)...
[14:40:52]   RED RAM write complete (21 ms)
[14:40:52] [DBG] [GFX] Restored and freed BW buffer chunks
[14:40:53] [DBG] [DICTCHAIN] found wasBack=1 willLog=0 word='chain_stress_00004' -> cur=1 depth=3
[14:40:53] [DBG] [LOOP] New max loop duration: 1109 ms (activity: 1109 ms)
[14:40:53] [DBG] [GFX] Time = 292 ms from clearScreen to displayBuffer
[14:40:53]   Writing frame buffer to BW RAM (48000 bytes)...
[14:40:53]   BW RAM write complete (12 ms)
[14:40:53]   Powering on display 0x1C (fast refresh)...
[14:40:53]   Waiting for display refresh...
[14:40:54]   Wait complete: fast (419 ms)
[14:40:54]   Writing frame buffer to RED RAM (48000 bytes)...
[14:40:54]   RED RAM write complete (12 ms)
[14:40:54] [DBG] [GFX] Stored BW buffer in 6 chunks (8000 bytes each)
[14:40:54] [DBG] [DICTCHAIN] back pressed cachePathEmpty=0 depth=3
[14:40:54] [DBG] [DICTCHAIN] back pop idx=2 histSize=36 resolved=1 word='chain_stress_00003'
[14:40:54]   Writing frame buffer to BW RAM (48000 bytes)...
[14:40:54]   BW RAM write complete (13 ms)
[14:40:54]   Writing frame buffer to RED RAM (48000 bytes)...
[14:40:54]   RED RAM write complete (12 ms)
[14:40:54]   Loading custom LUT...
[14:40:54]   Custom LUT loaded
[14:40:54]   Powering on display 0x0C (fast refresh)...
[14:40:54]   Waiting for display refresh...
[14:40:54]   Wait complete: fast (61 ms)
[14:40:54]   Custom LUT disabled
[14:40:54]   Writing frame buffer to RED RAM (48000 bytes)...
[14:40:54]   RED RAM write complete (23 ms)
[14:40:54] [DBG] [GFX] Restored and freed BW buffer chunks
[14:40:55] [DBG] [DICTCHAIN] found wasBack=1 willLog=0 word='chain_stress_00003' -> cur=2 depth=2
[14:40:55] [DBG] [GFX] Time = 293 ms from clearScreen to displayBuffer
[14:40:55]   Writing frame buffer to BW RAM (48000 bytes)...
[14:40:55]   BW RAM write complete (12 ms)
[14:40:55]   Powering on display 0x1C (fast refresh)...
[14:40:55]   Waiting for display refresh...
[14:40:56]   Wait complete: fast (419 ms)
[14:40:56]   Writing frame buffer to RED RAM (48000 bytes)...
[14:40:56]   RED RAM write complete (12 ms)
[14:40:56] [DBG] [GFX] Stored BW buffer in 6 chunks (8000 bytes each)
[14:40:56] [DBG] [DICTCHAIN] back pressed cachePathEmpty=0 depth=2
[14:40:56] [DBG] [DICTCHAIN] back pop idx=3 histSize=36 resolved=1 word='chain_stress_00002'
[14:40:56]   Writing frame buffer to BW RAM (48000 bytes)...
[14:40:56]   BW RAM write complete (12 ms)
[14:40:56]   Writing frame buffer to RED RAM (48000 bytes)...
[14:40:56]   RED RAM write complete (12 ms)
[14:40:56]   Loading custom LUT...
[14:40:56]   Custom LUT loaded
[14:40:56]   Powering on display 0x0C (fast refresh)...
[14:40:56]   Waiting for display refresh...
[14:40:56]   Wait complete: fast (62 ms)
[14:40:56]   Custom LUT disabled
[14:40:56]   Writing frame buffer to RED RAM (48000 bytes)...
[14:40:56]   RED RAM write complete (15 ms)
[14:40:56] [DBG] [GFX] Restored and freed BW buffer chunks
[14:40:57] [DBG] [DICTCHAIN] found wasBack=1 willLog=0 word='chain_stress_00002' -> cur=3 depth=1
[14:40:57] [DBG] [GFX] Time = 274 ms from clearScreen to displayBuffer
[14:40:57]   Writing frame buffer to BW RAM (48000 bytes)...
[14:40:57]   BW RAM write complete (12 ms)
[14:40:57]   Powering on display 0x1C (fast refresh)...
[14:40:57]   Waiting for display refresh...
[14:40:58]   Wait complete: fast (419 ms)
[14:40:58]   Writing frame buffer to RED RAM (48000 bytes)...
[14:40:58]   RED RAM write complete (12 ms)
[14:40:58] [DBG] [GFX] Stored BW buffer in 6 chunks (8000 bytes each)
[14:40:58] [DBG] [DICTCHAIN] back pressed cachePathEmpty=0 depth=1
[14:40:58] [DBG] [DICTCHAIN] back pop idx=4 histSize=36 resolved=1 word='chain_stress_00001'
[14:40:58] [INF] [MEM] Free: 49868 bytes, Total: 224840 bytes, Min Free: 40432 bytes, MaxAlloc: 34804 bytes
[14:40:58]   Writing frame buffer to BW RAM (48000 bytes)...
[14:40:58]   BW RAM write complete (12 ms)
[14:40:58]   Writing frame buffer to RED RAM (48000 bytes)...
[14:40:58]   RED RAM write complete (12 ms)
[14:40:58]   Loading custom LUT...
[14:40:58]   Custom LUT loaded
[14:40:58]   Powering on display 0x0C (fast refresh)...
[14:40:58]   Waiting for display refresh...
[14:40:58]   Wait complete: fast (62 ms)
[14:40:58]   Custom LUT disabled
[14:40:58]   Writing frame buffer to RED RAM (48000 bytes)...
[14:40:58]   RED RAM write complete (24 ms)
[14:40:58] [DBG] [GFX] Restored and freed BW buffer chunks
[14:40:59] [DBG] [DICTCHAIN] found wasBack=1 willLog=0 word='chain_stress_00001' -> cur=4 depth=0
[14:40:59] [DBG] [GFX] Time = 256 ms from clearScreen to displayBuffer
[14:40:59]   Writing frame buffer to BW RAM (48000 bytes)...
[14:40:59]   BW RAM write complete (13 ms)
[14:40:59]   Powering on display 0x1C (fast refresh)...
[14:40:59]   Waiting for display refresh...
[14:41:00]   Wait complete: fast (418 ms)
[14:41:00]   Writing frame buffer to RED RAM (48000 bytes)...
[14:41:00]   RED RAM write complete (12 ms)
[14:41:00] [DBG] [GFX] Stored BW buffer in 6 chunks (8000 bytes each)
[14:41:00] [DBG] [DICTCHAIN] back pressed cachePathEmpty=0 depth=0
[14:41:00] [DBG] [DICTCHAIN] back -> exit to caller (no chain entry)
[14:41:00]   Writing frame buffer to BW RAM (48000 bytes)...
[14:41:00]   BW RAM write complete (12 ms)
[14:41:00]   Writing frame buffer to RED RAM (48000 bytes)...
[14:41:00]   RED RAM write complete (13 ms)
[14:41:00]   Loading custom LUT...
[14:41:00]   Custom LUT loaded
[14:41:00]   Powering on display 0x0C (fast refresh)...
[14:41:00]   Waiting for display refresh...
[14:41:00]   Wait complete: fast (62 ms)
[14:41:00]   Custom LUT disabled
[14:41:00]   Writing frame buffer to RED RAM (48000 bytes)...
[14:41:00]   RED RAM write complete (12 ms)
[14:41:00] [DBG] [GFX] Restored and freed BW buffer chunks
[14:41:00] [DBG] [ACT] Exiting activity: DictionaryDefinition
[14:41:00] [DBG] [ACT] Popped from activity stack, new size = 1
[14:41:00] [DBG] [ACT] Handling result for popped activity
[14:41:00] [DBG] [SDCF] Built mini kern: 35×30 matrix (1050 bytes, full was 89×83 = 7387 bytes)
[14:41:00] [DBG] [SDCF] Built mini kern: 37×32 matrix (1184 bytes, full was 102×95 = 9690 bytes)
[14:41:00] [DBG] [FCM] prewarmCache(SD): 2 glyph(s) not found (styleMask=0x05)
[14:41:00] [DBG] [GFX] Time = 154 ms from clearScreen to displayBuffer
[14:41:00]   Writing frame buffer to BW RAM (48000 bytes)...
[14:41:00]   BW RAM write complete (13 ms)
[14:41:00]   Powering on display 0x1C (fast refresh)...
[14:41:00]   Waiting for display refresh...
[14:41:01]   Wait complete: fast (419 ms)
[14:41:01]   Writing frame buffer to RED RAM (48000 bytes)...
[14:41:01]   RED RAM write complete (12 ms)
[14:41:01] [DBG] [ACT] Pushed to activity stack, new size = 2
[14:41:01] [DBG] [ACT] Entering activity: DictionaryDefinition
[14:41:02] [DBG] [DICTCHAIN] onEnter recordHistory=1 historyWord='chain_stress_00001' -> cur=0
[14:41:03] [DBG] [GFX] Time = 256 ms from clearScreen to displayBuffer
[14:41:03]   Writing frame buffer to BW RAM (48000 bytes)...
[14:41:03]   BW RAM write complete (12 ms)
[14:41:03]   Powering on display 0x1C (fast refresh)...
[14:41:03]   Waiting for display refresh...
[14:41:03]   Wait complete: fast (419 ms)
[14:41:03]   Writing frame buffer to RED RAM (48000 bytes)...
[14:41:03]   RED RAM write complete (12 ms)
[14:41:03] [DBG] [GFX] Stored BW buffer in 6 chunks (8000 bytes each)
[14:41:03]   Writing frame buffer to BW RAM (48000 bytes)...
[14:41:03]   BW RAM write complete (13 ms)
[14:41:04]   Writing frame buffer to RED RAM (48000 bytes)...
[14:41:04]   RED RAM write complete (12 ms)
[14:41:04]   Loading custom LUT...
[14:41:04]   Custom LUT loaded
[14:41:04]   Powering on display 0x0C (fast refresh)...
[14:41:04]   Waiting for display refresh...
[14:41:04]   Wait complete: fast (61 ms)
[14:41:04]   Custom LUT disabled
[14:41:04]   Writing frame buffer to RED RAM (48000 bytes)...
[14:41:04]   RED RAM write complete (12 ms)
[14:41:04] [DBG] [GFX] Restored and freed BW buffer chunks
[14:41:04] [DBG] [PWR] Going to low-power mode
[14:41:05] [DBG] [PWR] Restoring normal CPU frequency
[14:41:05] [DBG] [GFX] Time = 264 ms from clearScreen to displayBuffer
[14:41:05]   Writing frame buffer to BW RAM (48000 bytes)...
[14:41:05]   BW RAM write complete (12 ms)
[14:41:05]   Powering on display 0x1C (fast refresh)...
[14:41:05]   Waiting for display refresh...
[14:41:06]   Wait complete: fast (418 ms)
[14:41:06]   Writing frame buffer to RED RAM (48000 bytes)...
[14:41:06]   RED RAM write complete (12 ms)
[14:41:06] [DBG] [GFX] Time = 1195 ms from clearScreen to displayBuffer
[14:41:06]   Writing frame buffer to BW RAM (48000 bytes)...
[14:41:06]   BW RAM write complete (12 ms)
[14:41:06]   Powering on display 0x1C (fast refresh)...
[14:41:06]   Waiting for display refresh...
[14:41:07]   Wait complete: fast (418 ms)
[14:41:07]   Writing frame buffer to RED RAM (48000 bytes)...
[14:41:07]   RED RAM write complete (12 ms)
[14:41:07] [DBG] [GFX] Time = 1647 ms from clearScreen to displayBuffer
[14:41:07]   Writing frame buffer to BW RAM (48000 bytes)...
[14:41:07]   BW RAM write complete (13 ms)
[14:41:07]   Powering on display 0x1C (fast refresh)...
[14:41:07]   Waiting for display refresh...
[14:41:07]   Wait complete: fast (418 ms)
[14:41:07]   Writing frame buffer to RED RAM (48000 bytes)...
[14:41:07]   RED RAM write complete (12 ms)
[14:41:07] [DBG] [GFX] Time = 2092 ms from clearScreen to displayBuffer
[14:41:07]   Writing frame buffer to BW RAM (48000 bytes)...
[14:41:07]   BW RAM write complete (12 ms)
[14:41:07]   Powering on display 0x1C (fast refresh)...
[14:41:07]   Waiting for display refresh...
[14:41:08]   Wait complete: fast (418 ms)
[14:41:08]   Writing frame buffer to RED RAM (48000 bytes)...
[14:41:08]   RED RAM write complete (13 ms)
[14:41:08] [DBG] [GFX] Time = 2538 ms from clearScreen to displayBuffer
[14:41:08]   Writing frame buffer to BW RAM (48000 bytes)...
[14:41:08]   BW RAM write complete (12 ms)
[14:41:08]   Powering on display 0x1C (fast refresh)...
[14:41:08]   Waiting for display refresh...
[14:41:08] [INF] [MEM] Free: 104812 bytes, Total: 224840 bytes, Min Free: 40432 bytes, MaxAlloc: 81908 bytes
[14:41:08]   Wait complete: fast (419 ms)
[14:41:08]   Writing frame buffer to RED RAM (48000 bytes)...
[14:41:08]   RED RAM write complete (13 ms)
[14:41:08] [DBG] [GFX] Time = 2989 ms from clearScreen to displayBuffer
[14:41:08]   Writing frame buffer to BW RAM (48000 bytes)...
[14:41:08]   BW RAM write complete (13 ms)
[14:41:08]   Powering on display 0x1C (fast refresh)...
[14:41:08]   Waiting for display refresh...
[14:41:08]   Wait complete: fast (418 ms)
[14:41:08]   Writing frame buffer to RED RAM (48000 bytes)...
[14:41:09]   RED RAM write complete (12 ms)
[14:41:10] [DBG] [DICTCHAIN] found wasBack=0 willLog=1 word='chain_stress_00002' -> cur=0 depth=1
[14:41:10] [DBG] [GFX] Time = 273 ms from clearScreen to displayBuffer
[14:41:10]   Writing frame buffer to BW RAM (48000 bytes)...
[14:41:10]   BW RAM write complete (12 ms)
[14:41:10]   Powering on display 0x1C (fast refresh)...
[14:41:10]   Waiting for display refresh...
[14:41:11]   Wait complete: fast (418 ms)
[14:41:11]   Writing frame buffer to RED RAM (48000 bytes)...
[14:41:11]   RED RAM write complete (12 ms)
[14:41:11] [DBG] [GFX] Stored BW buffer in 6 chunks (8000 bytes each)
[14:41:11]   Writing frame buffer to BW RAM (48000 bytes)...
[14:41:11]   BW RAM write complete (13 ms)
[14:41:11]   Writing frame buffer to RED RAM (48000 bytes)...
[14:41:11]   RED RAM write complete (13 ms)
[14:41:11]   Loading custom LUT...
[14:41:11]   Custom LUT loaded
[14:41:11]   Powering on display 0x0C (fast refresh)...
[14:41:11]   Waiting for display refresh...
[14:41:11]   Wait complete: fast (61 ms)
[14:41:11]   Custom LUT disabled
[14:41:11]   Writing frame buffer to RED RAM (48000 bytes)...
[14:41:11]   RED RAM write complete (12 ms)
[14:41:11] [DBG] [GFX] Restored and freed BW buffer chunks
[14:41:12] [DBG] [GFX] Time = 273 ms from clearScreen to displayBuffer
[14:41:12]   Writing frame buffer to BW RAM (48000 bytes)...
[14:41:12]   BW RAM write complete (13 ms)
[14:41:12]   Powering on display 0x1C (fast refresh)...
[14:41:12]   Waiting for display refresh...
[14:41:12]   Wait complete: fast (419 ms)
[14:41:12]   Writing frame buffer to RED RAM (48000 bytes)...
[14:41:12]   RED RAM write complete (12 ms)
[14:41:13] [DBG] [GFX] Time = 1517 ms from clearScreen to displayBuffer
[14:41:13]   Writing frame buffer to BW RAM (48000 bytes)...
[14:41:13]   BW RAM write complete (13 ms)
[14:41:13]   Powering on display 0x1C (fast refresh)...
[14:41:13]   Waiting for display refresh...
[14:41:13]   Wait complete: fast (419 ms)
[14:41:13]   Writing frame buffer to RED RAM (48000 bytes)...
[14:41:13]   RED RAM write complete (13 ms)
[14:41:13] [DBG] [GFX] Time = 1968 ms from clearScreen to displayBuffer
[14:41:13]   Writing frame buffer to BW RAM (48000 bytes)...
[14:41:13]   BW RAM write complete (12 ms)
[14:41:13]   Powering on display 0x1C (fast refresh)...
[14:41:13]   Waiting for display refresh...
[14:41:14]   Wait complete: fast (418 ms)
[14:41:14]   Writing frame buffer to RED RAM (48000 bytes)...
[14:41:14]   RED RAM write complete (13 ms)
[14:41:14] [DBG] [GFX] Time = 2414 ms from clearScreen to displayBuffer
[14:41:14]   Writing frame buffer to BW RAM (48000 bytes)...
[14:41:14]   BW RAM write complete (12 ms)
[14:41:14]   Powering on display 0x1C (fast refresh)...
[14:41:14]   Waiting for display refresh...
[14:41:14]   Wait complete: fast (418 ms)
[14:41:14]   Writing frame buffer to RED RAM (48000 bytes)...
[14:41:14]   RED RAM write complete (12 ms)
[14:41:14] [DBG] [GFX] Time = 2865 ms from clearScreen to displayBuffer
[14:41:14]   Writing frame buffer to BW RAM (48000 bytes)...
[14:41:14]   BW RAM write complete (12 ms)
[14:41:14]   Powering on display 0x1C (fast refresh)...
[14:41:14]   Waiting for display refresh...
[14:41:15]   Wait complete: fast (418 ms)
[14:41:15]   Writing frame buffer to RED RAM (48000 bytes)...
[14:41:15]   RED RAM write complete (12 ms)
[14:41:17] [DBG] [DICTCHAIN] found wasBack=0 willLog=1 word='chain_stress_00003' -> cur=0 depth=2
[14:41:17] [DBG] [GFX] Time = 293 ms from clearScreen to displayBuffer
[14:41:17]   Writing frame buffer to BW RAM (48000 bytes)...
[14:41:17]   BW RAM write complete (12 ms)
[14:41:17]   Powering on display 0x1C (fast refresh)...
[14:41:17]   Waiting for display refresh...
[14:41:17]   Wait complete: fast (418 ms)
[14:41:17]   Writing frame buffer to RED RAM (48000 bytes)...
[14:41:17]   RED RAM write complete (12 ms)
[14:41:17] [DBG] [GFX] Stored BW buffer in 6 chunks (8000 bytes each)
[14:41:18]   Writing frame buffer to BW RAM (48000 bytes)...
[14:41:18]   BW RAM write complete (12 ms)
[14:41:18]   Writing frame buffer to RED RAM (48000 bytes)...
[14:41:18]   RED RAM write complete (13 ms)
[14:41:18]   Loading custom LUT...
[14:41:18]   Custom LUT loaded
[14:41:18]   Powering on display 0x0C (fast refresh)...
[14:41:18]   Waiting for display refresh...
[14:41:18]   Wait complete: fast (62 ms)
[14:41:18]   Custom LUT disabled
[14:41:18]   Writing frame buffer to RED RAM (48000 bytes)...
[14:41:18] [DBG] [DICTCHAIN] back pressed cachePathEmpty=0 depth=2
[14:41:18]   RED RAM write complete (12 ms)
[14:41:18] [DBG] [GFX] Restored and freed BW buffer chunks
[14:41:18] [DBG] [DICTCHAIN] back pop idx=1 histSize=39 resolved=1 word='chain_stress_00002'
[14:41:18] [INF] [MEM] Free: 100324 bytes, Total: 224840 bytes, Min Free: 40432 bytes, MaxAlloc: 81908 bytes
[14:41:19] [DBG] [DICTCHAIN] found wasBack=1 willLog=0 word='chain_stress_00002' -> cur=1 depth=1
[14:41:19] [DBG] [GFX] Time = 273 ms from clearScreen to displayBuffer
[14:41:19]   Writing frame buffer to BW RAM (48000 bytes)...
[14:41:19]   BW RAM write complete (12 ms)
[14:41:19]   Powering on display 0x1C (fast refresh)...
[14:41:19]   Waiting for display refresh...
[14:41:20]   Wait complete: fast (419 ms)
[14:41:20]   Writing frame buffer to RED RAM (48000 bytes)...
[14:41:20]   RED RAM write complete (12 ms)
[14:41:20] [DBG] [GFX] Stored BW buffer in 6 chunks (8000 bytes each)
[14:41:20]   Writing frame buffer to BW RAM (48000 bytes)...
[14:41:20]   BW RAM write complete (13 ms)
[14:41:20]   Writing frame buffer to RED RAM (48000 bytes)...
[14:41:20]   RED RAM write complete (12 ms)
[14:41:20]   Loading custom LUT...
[14:41:20]   Custom LUT loaded
[14:41:20]   Powering on display 0x0C (fast refresh)...
[14:41:20]   Waiting for display refresh...
[14:41:20]   Wait complete: fast (61 ms)
[14:41:20]   Custom LUT disabled
[14:41:20]   Writing frame buffer to RED RAM (48000 bytes)...
[14:41:20]   RED RAM write complete (12 ms)
[14:41:20] [DBG] [GFX] Restored and freed BW buffer chunks
[14:41:21] [DBG] [GFX] Time = 273 ms from clearScreen to displayBuffer
[14:41:21]   Writing frame buffer to BW RAM (48000 bytes)...
[14:41:21]   BW RAM write complete (13 ms)
[14:41:21]   Powering on display 0x1C (fast refresh)...
[14:41:21]   Waiting for display refresh...
[14:41:21]   Wait complete: fast (419 ms)
[14:41:21]   Writing frame buffer to RED RAM (48000 bytes)...
[14:41:21]   RED RAM write complete (12 ms)
[14:41:21] [DBG] [GFX] Time = 928 ms from clearScreen to displayBuffer
[14:41:21]   Writing frame buffer to BW RAM (48000 bytes)...
[14:41:21]   BW RAM write complete (13 ms)
[14:41:21]   Powering on display 0x1C (fast refresh)...
[14:41:21]   Waiting for display refresh...
[14:41:22]   Wait complete: fast (419 ms)
[14:41:22]   Writing frame buffer to RED RAM (48000 bytes)...
[14:41:22]   RED RAM write complete (12 ms)
[14:41:23] [DBG] [DICTCHAIN] found wasBack=0 willLog=1 word='chain_stress_00004' -> cur=0 depth=2
[14:41:23] [DBG] [GFX] Time = 292 ms from clearScreen to displayBuffer
[14:41:23]   Writing frame buffer to BW RAM (48000 bytes)...
[14:41:23]   BW RAM write complete (13 ms)
[14:41:24]   Powering on display 0x1C (fast refresh)...
[14:41:24]   Waiting for display refresh...
[14:41:24]   Wait complete: fast (418 ms)
[14:41:24]   Writing frame buffer to RED RAM (48000 bytes)...
[14:41:24]   RED RAM write complete (12 ms)
[14:41:24] [DBG] [GFX] Stored BW buffer in 6 chunks (8000 bytes each)
[14:41:24]   Writing frame buffer to BW RAM (48000 bytes)...
[14:41:24]   BW RAM write complete (12 ms)
[14:41:24] [DBG] [DICTCHAIN] back pressed cachePathEmpty=0 depth=2
[14:41:24] [DBG] [DICTCHAIN] back pop idx=2 histSize=40 resolved=1 word='chain_stress_00002'
[14:41:24]   Writing frame buffer to RED RAM (48000 bytes)...
[14:41:25]   RED RAM write complete (14 ms)
[14:41:25]   Loading custom LUT...
[14:41:25]   Custom LUT loaded
[14:41:25]   Powering on display 0x0C (fast refresh)...
[14:41:25]   Waiting for display refresh...
[14:41:25]   Wait complete: fast (62 ms)
[14:41:25]   Custom LUT disabled
[14:41:25]   Writing frame buffer to RED RAM (48000 bytes)...
[14:41:25]   RED RAM write complete (20 ms)
[14:41:25] [DBG] [GFX] Restored and freed BW buffer chunks
[14:41:26] [DBG] [DICTCHAIN] found wasBack=1 willLog=0 word='chain_stress_00002' -> cur=2 depth=1
[14:41:26] [DBG] [GFX] Time = 273 ms from clearScreen to displayBuffer
[14:41:26]   Writing frame buffer to BW RAM (48000 bytes)...
[14:41:26]   BW RAM write complete (13 ms)
[14:41:26]   Powering on display 0x1C (fast refresh)...
[14:41:26]   Waiting for display refresh...
[14:41:26]   Wait complete: fast (418 ms)
[14:41:26]   Writing frame buffer to RED RAM (48000 bytes)...
[14:41:26]   RED RAM write complete (13 ms)
[14:41:26] [DBG] [GFX] Stored BW buffer in 6 chunks (8000 bytes each)
[14:41:26] [DBG] [DICTCHAIN] back pressed cachePathEmpty=0 depth=1
[14:41:27] [DBG] [DICTCHAIN] back pop idx=3 histSize=40 resolved=1 word='chain_stress_00001'
[14:41:27]   Writing frame buffer to BW RAM (48000 bytes)...
[14:41:27]   BW RAM write complete (13 ms)
[14:41:27]   Writing frame buffer to RED RAM (48000 bytes)...
[14:41:27]   RED RAM write complete (12 ms)
[14:41:27]   Loading custom LUT...
[14:41:27]   Custom LUT loaded
[14:41:27]   Powering on display 0x0C (fast refresh)...
[14:41:27]   Waiting for display refresh...
[14:41:27]   Wait complete: fast (60 ms)
[14:41:27]   Custom LUT disabled
[14:41:27]   Writing frame buffer to RED RAM (48000 bytes)...
[14:41:27]   RED RAM write complete (24 ms)
[14:41:27] [DBG] [GFX] Restored and freed BW buffer chunks
[14:41:28] [DBG] [DICTCHAIN] found wasBack=1 willLog=0 word='chain_stress_00001' -> cur=3 depth=0
[14:41:28] [DBG] [GFX] Time = 256 ms from clearScreen to displayBuffer
[14:41:28]   Writing frame buffer to BW RAM (48000 bytes)...
[14:41:28]   BW RAM write complete (13 ms)
[14:41:28]   Powering on display 0x1C (fast refresh)...
[14:41:28]   Waiting for display refresh...
[14:41:28] [INF] [MEM] Free: 105180 bytes, Total: 224840 bytes, Min Free: 40432 bytes, MaxAlloc: 81908 bytes
[14:41:28]   Wait complete: fast (418 ms)
[14:41:28]   Writing frame buffer to RED RAM (48000 bytes)...
[14:41:28]   RED RAM write complete (12 ms)
[14:41:28] [DBG] [GFX] Stored BW buffer in 6 chunks (8000 bytes each)
[14:41:29]   Writing frame buffer to BW RAM (48000 bytes)...
[14:41:29]   BW RAM write complete (13 ms)
[14:41:29]   Writing frame buffer to RED RAM (48000 bytes)...
[14:41:29]   RED RAM write complete (12 ms)
[14:41:29]   Loading custom LUT...
[14:41:29]   Custom LUT loaded
[14:41:29]   Powering on display 0x0C (fast refresh)...
[14:41:29]   Waiting for display refresh...
[14:41:29]   Wait complete: fast (61 ms)
[14:41:29]   Custom LUT disabled
[14:41:29]   Writing frame buffer to RED RAM (48000 bytes)...
[14:41:29]   RED RAM write complete (12 ms)
[14:41:29] [DBG] [GFX] Restored and freed BW buffer chunks
[14:41:29] [DBG] [DICTCHAIN] back pressed cachePathEmpty=0 depth=0
[14:41:29] [DBG] [DICTCHAIN] back -> exit to caller (no chain entry)
[14:41:29] [DBG] [ACT] Exiting activity: DictionaryDefinition
[14:41:29] [DBG] [ACT] Popped from activity stack, new size = 1
[14:41:29] [DBG] [ACT] Handling result for popped activity
[14:41:29] [DBG] [SDCF] Built mini kern: 35×30 matrix (1050 bytes, full was 89×83 = 7387 bytes)
[14:41:30] [DBG] [SDCF] Built mini kern: 37×32 matrix (1184 bytes, full was 102×95 = 9690 bytes)
[14:41:30] [DBG] [FCM] prewarmCache(SD): 2 glyph(s) not found (styleMask=0x05)
[14:41:30] [DBG] [GFX] Time = 160 ms from clearScreen to displayBuffer
[14:41:30]   Writing frame buffer to BW RAM (48000 bytes)...
[14:41:30]   BW RAM write complete (12 ms)
[14:41:30]   Powering on display 0x1C (fast refresh)...
[14:41:30]   Waiting for display refresh...
[14:41:30]   Wait complete: fast (418 ms)
[14:41:30]   Writing frame buffer to RED RAM (48000 bytes)...
[14:41:30]   RED RAM write complete (12 ms)
[14:41:31] [DBG] [ACT] Pushed to activity stack, new size = 2
[14:41:31] [DBG] [ACT] Entering activity: DictionaryDefinition
[14:41:32] [DBG] [DICTCHAIN] onEnter recordHistory=1 historyWord='chain_stress_00001' -> cur=0
[14:41:32] [DBG] [GFX] Time = 256 ms from clearScreen to displayBuffer
[14:41:32]   Writing frame buffer to BW RAM (48000 bytes)...
[14:41:32]   BW RAM write complete (12 ms)
[14:41:32]   Powering on display 0x1C (fast refresh)...
[14:41:32]   Waiting for display refresh...
[14:41:32]   Wait complete: fast (419 ms)
[14:41:32]   Writing frame buffer to RED RAM (48000 bytes)...
[14:41:32]   RED RAM write complete (12 ms)
[14:41:32] [DBG] [GFX] Stored BW buffer in 6 chunks (8000 bytes each)
[14:41:33]   Writing frame buffer to BW RAM (48000 bytes)...
[14:41:33]   BW RAM write complete (13 ms)
[14:41:33]   Writing frame buffer to RED RAM (48000 bytes)...
[14:41:33]   RED RAM write complete (12 ms)
[14:41:33]   Loading custom LUT...
[14:41:33]   Custom LUT loaded
[14:41:33]   Powering on display 0x0C (fast refresh)...
[14:41:33]   Waiting for display refresh...
[14:41:33]   Wait complete: fast (62 ms)
[14:41:33]   Custom LUT disabled
[14:41:33]   Writing frame buffer to RED RAM (48000 bytes)...
[14:41:33]   RED RAM write complete (13 ms)
[14:41:33] [DBG] [GFX] Restored and freed BW buffer chunks
[14:41:34] [DBG] [GFX] Time = 274 ms from clearScreen to displayBuffer
[14:41:34]   Writing frame buffer to BW RAM (48000 bytes)...
[14:41:34]   BW RAM write complete (13 ms)
[14:41:34]   Powering on display 0x1C (fast refresh)...
[14:41:34]   Waiting for display refresh...
[14:41:35]   Wait complete: fast (418 ms)
[14:41:35]   Writing frame buffer to RED RAM (48000 bytes)...
[14:41:35]   RED RAM write complete (13 ms)
[14:41:35] [DBG] [GFX] Stored BW buffer in 6 chunks (8000 bytes each)
[14:41:35]   Writing frame buffer to BW RAM (48000 bytes)...
[14:41:35]   BW RAM write complete (23 ms)
[14:41:36]   Writing frame buffer to RED RAM (48000 bytes)...
[14:41:36]   RED RAM write complete (18 ms)
[14:41:36]   Loading custom LUT...
[14:41:36]   Custom LUT loaded
[14:41:36]   Powering on display 0x0C (fast refresh)...
[14:41:36]   Waiting for display refresh...
[14:41:36]   Wait complete: fast (61 ms)
[14:41:36]   Custom LUT disabled
[14:41:36]   Writing frame buffer to RED RAM (48000 bytes)...
[14:41:36] [DBG] [LOOP] New max loop duration: 1756 ms (activity: 1756 ms)
[14:41:36]   RED RAM write complete (22 ms)
[14:41:36] [DBG] [GFX] Restored and freed BW buffer chunks
[14:41:36] [DBG] [GFX] Time = 325 ms from clearScreen to displayBuffer
[14:41:36]   Writing frame buffer to BW RAM (48000 bytes)...
[14:41:36]   BW RAM write complete (12 ms)
[14:41:36]   Powering on display 0x1C (fast refresh)...
[14:41:36]   Waiting for display refresh...
[14:41:37]   Wait complete: fast (418 ms)
[14:41:37]   Writing frame buffer to RED RAM (48000 bytes)...
[14:41:37]   RED RAM write complete (12 ms)
[14:41:37] [DBG] [GFX] Stored BW buffer in 6 chunks (8000 bytes each)
[14:41:37]   Writing frame buffer to BW RAM (48000 bytes)...
[14:41:37]   BW RAM write complete (13 ms)
[14:41:37]   Writing frame buffer to RED RAM (48000 bytes)...
[14:41:37]   RED RAM write complete (12 ms)
[14:41:37]   Loading custom LUT...
[14:41:37]   Custom LUT loaded
[14:41:37]   Powering on display 0x0C (fast refresh)...
[14:41:37]   Waiting for display refresh...
[14:41:37]   Wait complete: fast (61 ms)
[14:41:37]   Custom LUT disabled
[14:41:37]   Writing frame buffer to RED RAM (48000 bytes)...
[14:41:37]   RED RAM write complete (12 ms)
[14:41:37] [DBG] [GFX] Restored and freed BW buffer chunks
[14:41:37] [DBG] [PWR] Going to low-power mode
[14:41:38] [INF] [MEM] Free: 109428 bytes, Total: 224840 bytes, Min Free: 40432 bytes, MaxAlloc: 81908 bytes
[14:41:39] [DBG] [PWR] Restoring normal CPU frequency
[14:41:40] [DBG] [GFX] Time = 328 ms from clearScreen to displayBuffer
[14:41:40]   Writing frame buffer to BW RAM (48000 bytes)...
[14:41:40]   BW RAM write complete (13 ms)
[14:41:40]   Powering on display 0x1C (fast refresh)...
[14:41:40]   Waiting for display refresh...
[14:41:40]   Wait complete: fast (419 ms)
[14:41:40]   Writing frame buffer to RED RAM (48000 bytes)...
[14:41:40]   RED RAM write complete (12 ms)
[14:41:42] [DBG] [DICTCHAIN] found wasBack=0 willLog=1 word='chain_stress_00002' -> cur=0 depth=1
[14:41:42] [DBG] [GFX] Time = 274 ms from clearScreen to displayBuffer
[14:41:42]   Writing frame buffer to BW RAM (48000 bytes)...
[14:41:42]   BW RAM write complete (13 ms)
[14:41:42]   Powering on display 0x1C (fast refresh)...
[14:41:42]   Waiting for display refresh...
[14:41:43]   Wait complete: fast (419 ms)
[14:41:43]   Writing frame buffer to RED RAM (48000 bytes)...
[14:41:43]   RED RAM write complete (12 ms)
[14:41:43] [DBG] [GFX] Stored BW buffer in 6 chunks (8000 bytes each)
[14:41:43]   Writing frame buffer to BW RAM (48000 bytes)...
[14:41:43]   BW RAM write complete (12 ms)
[14:41:43]   Writing frame buffer to RED RAM (48000 bytes)...
[14:41:43]   RED RAM write complete (13 ms)
[14:41:43]   Loading custom LUT...
[14:41:43]   Custom LUT loaded
[14:41:43]   Powering on display 0x0C (fast refresh)...
[14:41:43]   Waiting for display refresh...
[14:41:43]   Wait complete: fast (61 ms)
[14:41:43]   Custom LUT disabled
[14:41:43]   Writing frame buffer to RED RAM (48000 bytes)...
[14:41:43]   RED RAM write complete (12 ms)
[14:41:43] [DBG] [GFX] Restored and freed BW buffer chunks
[14:41:44] [DBG] [PWR] Going to low-power mode
[14:41:44] [DBG] [PWR] Restoring normal CPU frequency
[14:41:45] [DBG] [GFX] Time = 318 ms from clearScreen to displayBuffer
[14:41:45]   Writing frame buffer to BW RAM (48000 bytes)...
[14:41:45]   BW RAM write complete (13 ms)
[14:41:45]   Powering on display 0x1C (fast refresh)...
[14:41:46]   Waiting for display refresh...
[14:41:46]   Wait complete: fast (418 ms)
[14:41:46]   Writing frame buffer to RED RAM (48000 bytes)...
[14:41:46]   RED RAM write complete (17 ms)
[14:41:46] [DBG] [GFX] Stored BW buffer in 6 chunks (8000 bytes each)
[14:41:47]   Writing frame buffer to BW RAM (48000 bytes)...
[14:41:47]   BW RAM write complete (25 ms)
[14:41:47]   Writing frame buffer to RED RAM (48000 bytes)...
[14:41:47]   RED RAM write complete (19 ms)
[14:41:47]   Loading custom LUT...
[14:41:47]   Custom LUT loaded
[14:41:47]   Powering on display 0x0C (fast refresh)...
[14:41:47]   Waiting for display refresh...
[14:41:47]   Wait complete: fast (61 ms)
[14:41:47]   Custom LUT disabled
[14:41:47]   Writing frame buffer to RED RAM (48000 bytes)...
[14:41:47]   RED RAM write complete (20 ms)
[14:41:47] [DBG] [GFX] Restored and freed BW buffer chunks
[14:41:48] [DBG] [GFX] Time = 326 ms from clearScreen to displayBuffer
[14:41:48]   Writing frame buffer to BW RAM (48000 bytes)...
[14:41:48]   BW RAM write complete (13 ms)
[14:41:48]   Powering on display 0x1C (fast refresh)...
[14:41:48]   Waiting for display refresh...
[14:41:48]   Wait complete: fast (419 ms)
[14:41:48]   Writing frame buffer to RED RAM (48000 bytes)...
[14:41:48]   RED RAM write complete (12 ms)
[14:41:48] [DBG] [GFX] Stored BW buffer in 6 chunks (8000 bytes each)
[14:41:48] [INF] [MEM] Free: 56140 bytes, Total: 224840 bytes, Min Free: 40432 bytes, MaxAlloc: 34804 bytes
[14:41:48]   Writing frame buffer to BW RAM (48000 bytes)...
[14:41:48]   BW RAM write complete (13 ms)
[14:41:49]   Writing frame buffer to RED RAM (48000 bytes)...
[14:41:49]   RED RAM write complete (13 ms)
[14:41:49]   Loading custom LUT...
[14:41:49]   Custom LUT loaded
[14:41:49]   Powering on display 0x0C (fast refresh)...
[14:41:49]   Waiting for display refresh...
[14:41:49]   Wait complete: fast (62 ms)
[14:41:49]   Custom LUT disabled
[14:41:49]   Writing frame buffer to RED RAM (48000 bytes)...
[14:41:49]   RED RAM write complete (12 ms)
[14:41:49] [DBG] [GFX] Restored and freed BW buffer chunks
[14:41:49] [DBG] [PWR] Going to low-power mode
[14:41:49] [DBG] [PWR] Restoring normal CPU frequency
[14:41:49] [DBG] [GFX] Time = 328 ms from clearScreen to displayBuffer
[14:41:49]   Writing frame buffer to BW RAM (48000 bytes)...
[14:41:49]   BW RAM write complete (13 ms)
[14:41:49]   Powering on display 0x1C (fast refresh)...
[14:41:49]   Waiting for display refresh...
[14:41:50]   Wait complete: fast (419 ms)
[14:41:50]   Writing frame buffer to RED RAM (48000 bytes)...
[14:41:50]   RED RAM write complete (12 ms)
[14:41:51] [DBG] [DICTCHAIN] found wasBack=0 willLog=1 word='chain_stress_00003' -> cur=0 depth=2
[14:41:52] [DBG] [GFX] Time = 293 ms from clearScreen to displayBuffer
[14:41:52]   Writing frame buffer to BW RAM (48000 bytes)...
[14:41:52]   BW RAM write complete (12 ms)
[14:41:52]   Powering on display 0x1C (fast refresh)...
[14:41:52]   Waiting for display refresh...
[14:41:52]   Wait complete: fast (418 ms)
[14:41:52]   Writing frame buffer to RED RAM (48000 bytes)...
[14:41:52]   RED RAM write complete (12 ms)
[14:41:52] [DBG] [GFX] Stored BW buffer in 6 chunks (8000 bytes each)
[14:41:52]   Writing frame buffer to BW RAM (48000 bytes)...
[14:41:52]   BW RAM write complete (12 ms)
[14:41:53]   Writing frame buffer to RED RAM (48000 bytes)...
[14:41:53]   RED RAM write complete (13 ms)
[14:41:53]   Loading custom LUT...
[14:41:53]   Custom LUT loaded
[14:41:53]   Powering on display 0x0C (fast refresh)...
[14:41:53]   Waiting for display refresh...
[14:41:53]   Wait complete: fast (62 ms)
[14:41:53]   Custom LUT disabled
[14:41:53]   Writing frame buffer to RED RAM (48000 bytes)...
[14:41:53]   RED RAM write complete (12 ms)
[14:41:53] [DBG] [GFX] Restored and freed BW buffer chunks
[14:41:53] [DBG] [DICTCHAIN] back pressed cachePathEmpty=0 depth=2
[14:41:53] [DBG] [DICTCHAIN] back pop idx=1 histSize=43 resolved=1 word='chain_stress_00002'
[14:41:56] [DBG] [DICTCHAIN] found wasBack=1 willLog=0 word='chain_stress_00002' -> cur=1 depth=1
[14:41:56] [DBG] [LOOP] New max loop duration: 2041 ms (activity: 2041 ms)
[14:41:56] [DBG] [GFX] Time = 326 ms from clearScreen to displayBuffer
[14:41:56]   Writing frame buffer to BW RAM (48000 bytes)...
[14:41:56]   BW RAM write complete (13 ms)
[14:41:56]   Powering on display 0x1C (fast refresh)...
[14:41:56]   Waiting for display refresh...
[14:41:56]   Wait complete: fast (419 ms)
[14:41:56]   Writing frame buffer to RED RAM (48000 bytes)...
[14:41:56]   RED RAM write complete (12 ms)
[14:41:56] [DBG] [GFX] Stored BW buffer in 6 chunks (8000 bytes each)
[14:41:57]   Writing frame buffer to BW RAM (48000 bytes)...
[14:41:57]   BW RAM write complete (13 ms)
[14:41:57] [DBG] [DICTCHAIN] back pressed cachePathEmpty=0 depth=1
[14:41:57] [DBG] [DICTCHAIN] back pop idx=2 histSize=43 resolved=1 word='chain_stress_00001'
[14:41:57]   Writing frame buffer to RED RAM (48000 bytes)...
[14:41:57]   RED RAM write complete (12 ms)
[14:41:57]   Loading custom LUT...
[14:41:57]   Custom LUT loaded
[14:41:57]   Powering on display 0x0C (fast refresh)...
[14:41:57]   Waiting for display refresh...
[14:41:57]   Wait complete: fast (62 ms)
[14:41:57]   Custom LUT disabled
[14:41:57]   Writing frame buffer to RED RAM (48000 bytes)...
[14:41:57]   RED RAM write complete (23 ms)
[14:41:57] [DBG] [GFX] Restored and freed BW buffer chunks
[14:41:59] [DBG] [DICTCHAIN] found wasBack=1 willLog=0 word='chain_stress_00001' -> cur=2 depth=0
[14:41:59] [DBG] [LOOP] New max loop duration: 2087 ms (activity: 2086 ms)
[14:41:59] [INF] [MEM] Free: 100636 bytes, Total: 224840 bytes, Min Free: 40432 bytes, MaxAlloc: 81908 bytes
[14:41:59] [DBG] [GFX] Time = 327 ms from clearScreen to displayBuffer
[14:41:59]   Writing frame buffer to BW RAM (48000 bytes)...
[14:41:59]   BW RAM write complete (13 ms)
[14:41:59]   Powering on display 0x1C (fast refresh)...
[14:41:59]   Waiting for display refresh...
[14:42:00]   Wait complete: fast (418 ms)
[14:42:00]   Writing frame buffer to RED RAM (48000 bytes)...
[14:42:00]   RED RAM write complete (12 ms)
[14:42:00] [DBG] [GFX] Stored BW buffer in 6 chunks (8000 bytes each)
[14:42:00]   Writing frame buffer to BW RAM (48000 bytes)...
[14:42:00]   BW RAM write complete (12 ms)
[14:42:00]   Writing frame buffer to RED RAM (48000 bytes)...
[14:42:00]   RED RAM write complete (13 ms)
[14:42:00]   Loading custom LUT...
[14:42:00]   Custom LUT loaded
[14:42:00]   Powering on display 0x0C (fast refresh)...
[14:42:00]   Waiting for display refresh...
[14:42:00]   Wait complete: fast (61 ms)
[14:42:00]   Custom LUT disabled
[14:42:00]   Writing frame buffer to RED RAM (48000 bytes)...
[14:42:00]   RED RAM write complete (12 ms)
[14:42:00] [DBG] [GFX] Restored and freed BW buffer chunks
[14:42:00] [DBG] [PWR] Going to low-power mode
[14:42:01] [DBG] [PWR] Restoring normal CPU frequency
[14:42:01] [DBG] [DICTCHAIN] back pressed cachePathEmpty=0 depth=0
[14:42:01] [DBG] [DICTCHAIN] back -> exit to caller (no chain entry)
[14:42:01] [DBG] [ACT] Exiting activity: DictionaryDefinition
[14:42:01] [DBG] [ACT] Popped from activity stack, new size = 1
[14:42:01] [DBG] [ACT] Handling result for popped activity
[14:42:01] [DBG] [SDCF] Built mini kern: 35×30 matrix (1050 bytes, full was 89×83 = 7387 bytes)
[14:42:01] [DBG] [SDCF] Built mini kern: 37×32 matrix (1184 bytes, full was 102×95 = 9690 bytes)
[14:42:01] [DBG] [FCM] prewarmCache(SD): 2 glyph(s) not found (styleMask=0x05)
[14:42:01] [DBG] [GFX] Time = 152 ms from clearScreen to displayBuffer
[14:42:01]   Writing frame buffer to BW RAM (48000 bytes)...
[14:42:02]   BW RAM write complete (13 ms)
[14:42:02]   Powering on display 0x1C (fast refresh)...
[14:42:02]   Waiting for display refresh...
[14:42:02]   Wait complete: fast (419 ms)
[14:42:02]   Writing frame buffer to RED RAM (48000 bytes)...
[14:42:02]   RED RAM write complete (12 ms)
[14:42:03] [DBG] [ACT] Exiting activity: DictionaryWordSelect
[14:42:03] [DBG] [ACT] Popped from activity stack, new size = 0
[14:42:03] [DBG] [ACT] Handling result for popped activity
[14:42:03] [DBG] [SDCF] Built mini kern: 35×30 matrix (1050 bytes, full was 89×83 = 7387 bytes)
[14:42:03] [DBG] [SDCF] Built mini kern: 37×32 matrix (1184 bytes, full was 102×95 = 9690 bytes)
[14:42:03] [DBG] [FCM] prewarmCache(SD): 2 glyph(s) not found (styleMask=0x05)
[14:42:03] [DBG] [GFX] Time = 174 ms from clearScreen to displayBuffer
[14:42:03]   Writing frame buffer to BW RAM (48000 bytes)...
[14:42:03]   BW RAM write complete (12 ms)
[14:42:03]   Powering on display 0x1C (fast refresh)...
[14:42:03]   Waiting for display refresh...
[14:42:03]   Wait complete: fast (418 ms)
[14:42:03]   Writing frame buffer to RED RAM (48000 bytes)...
[14:42:03]   RED RAM write complete (12 ms)
[14:42:03]   Loading custom LUT...
[14:42:03]   Custom LUT loaded
[14:42:03]   Powering on display 0x0C (fast refresh)...
[14:42:03]   Waiting for display refresh...
[14:42:03]   Wait complete: fast (61 ms)
[14:42:03]   Custom LUT disabled
[14:42:03]   Writing frame buffer to RED RAM (48000 bytes)...
[14:42:03]   RED RAM write complete (12 ms)
[14:42:03] [DBG] [ERS] Page render (tiled): prewarm=107ms bw_render=42ms display=444ms gray_lsb=54ms gray_msb=55ms gray_display=63ms cleanup=12ms total=777ms
[14:42:03] [DBG] [ERS] Rendered page in 779ms
[14:42:03] [DBG] [ERS] Progress saved: spine=23 page=2
[14:42:06] [DBG] [PWR] Going to low-power mode
